<?xml version="1.0" encoding="UTF-8"?>
<testsuite name="test_jenkins"
           tests="1"
           failures="0"
           errors="0"
           skipped="0"
           time="3,932">
    <properties></properties>



            <testcase
                name="mainTest"
                time="3,932"
                classname="test">
            </testcase>
</testsuite>
